2017/11/09 15:11:13 にビルドを開始しました。
     1>ノード 2 上のプロジェクト "\\fs01\private$\b15155\.WinProfiles\Document\Visual Studio 2012\Projects\Theme3\Consider\Consider.vcxproj" (Build ターゲット)。
     1>ClCompile:
         C:\Program Files (x86)\Microsoft Visual Studio 11.0\VC\bin\CL.exe /c /ZI /nologo /W3 /WX- /Od /Oy- /D WIN32 /D _DEBUG /D _CONSOLE /D _UNICODE /D UNICODE /Gm /EHsc /RTC1 /MDd /GS /fp:precise /Zc:wchar_t /Zc:forScope /Fo"Debug\\" /Fd"Debug\vc110.pdb" /Gd /TP /analyze- /errorReport:prompt Consider.cpp
         Consider.cpp
     1>\\fs01\private$\b15155\.winprofiles\document\visual studio 2012\projects\theme3\consider\consider.cpp(22): warning C4996: 'scanf': This function or variable may be unsafe. Consider using scanf_s instead. To disable deprecation, use _CRT_SECURE_NO_WARNINGS. See online help for details.
                 c:\program files (x86)\microsoft visual studio 11.0\vc\include\stdio.h(290) : 'scanf' の宣言を確認してください。
     1>\\fs01\private$\b15155\.winprofiles\document\visual studio 2012\projects\theme3\consider\consider.cpp(41): warning C4996: 'scanf': This function or variable may be unsafe. Consider using scanf_s instead. To disable deprecation, use _CRT_SECURE_NO_WARNINGS. See online help for details.
                 c:\program files (x86)\microsoft visual studio 11.0\vc\include\stdio.h(290) : 'scanf' の宣言を確認してください。
     1>\\fs01\private$\b15155\.winprofiles\document\visual studio 2012\projects\theme3\consider\consider.cpp(43): warning C4996: 'scanf': This function or variable may be unsafe. Consider using scanf_s instead. To disable deprecation, use _CRT_SECURE_NO_WARNINGS. See online help for details.
                 c:\program files (x86)\microsoft visual studio 11.0\vc\include\stdio.h(290) : 'scanf' の宣言を確認してください。
     1>\\fs01\private$\b15155\.winprofiles\document\visual studio 2012\projects\theme3\consider\consider.cpp(45): warning C4996: 'scanf': This function or variable may be unsafe. Consider using scanf_s instead. To disable deprecation, use _CRT_SECURE_NO_WARNINGS. See online help for details.
                 c:\program files (x86)\microsoft visual studio 11.0\vc\include\stdio.h(290) : 'scanf' の宣言を確認してください。
     1>\\fs01\private$\b15155\.winprofiles\document\visual studio 2012\projects\theme3\consider\consider.cpp(47): warning C4996: 'scanf': This function or variable may be unsafe. Consider using scanf_s instead. To disable deprecation, use _CRT_SECURE_NO_WARNINGS. See online help for details.
                 c:\program files (x86)\microsoft visual studio 11.0\vc\include\stdio.h(290) : 'scanf' の宣言を確認してください。
     1>\\fs01\private$\b15155\.winprofiles\document\visual studio 2012\projects\theme3\consider\consider.cpp(73): warning C4996: 'scanf': This function or variable may be unsafe. Consider using scanf_s instead. To disable deprecation, use _CRT_SECURE_NO_WARNINGS. See online help for details.
                 c:\program files (x86)\microsoft visual studio 11.0\vc\include\stdio.h(290) : 'scanf' の宣言を確認してください。
       Link:
         C:\Program Files (x86)\Microsoft Visual Studio 11.0\VC\bin\link.exe /ERRORREPORT:PROMPT /OUT:"\\fs01\private$\b15155\.WinProfiles\Document\Visual Studio 2012\Projects\Theme3\Debug\Consider.exe" /INCREMENTAL /NOLOGO kernel32.lib user32.lib gdi32.lib winspool.lib comdlg32.lib advapi32.lib shell32.lib ole32.lib oleaut32.lib uuid.lib odbc32.lib odbccp32.lib /MANIFEST /MANIFESTUAC:"level='asInvoker' uiAccess='false'" /manifest:embed /DEBUG /PDB:"\\fs01\private$\b15155\.WinProfiles\Document\Visual Studio 2012\Projects\Theme3\Debug\Consider.pdb" /SUBSYSTEM:CONSOLE /TLBID:1 /DYNAMICBASE /NXCOMPAT /IMPLIB:"\\fs01\private$\b15155\.WinProfiles\Document\Visual Studio 2012\Projects\Theme3\Debug\Consider.lib" /MACHINE:X86 Debug\Consider.obj
         Consider.vcxproj -> \\fs01\private$\b15155\.WinProfiles\Document\Visual Studio 2012\Projects\Theme3\Debug\Consider.exe
     1>プロジェクト "\\fs01\private$\b15155\.WinProfiles\Document\Visual Studio 2012\Projects\Theme3\Consider\Consider.vcxproj" (Build ターゲット) のビルドが完了しました。

ビルドに成功しました。

経過時間 00:00:01.10
