\\FS01\PRIVATE$\B15155\.WINPROFILES\DOCUMENT\VISUAL STUDIO 2012\PROJECTS\SAMPLE\SAMPLEAPPLICATION\DEBUG\VC110.PDB
\\FS01\PRIVATE$\B15155\.WINPROFILES\DOCUMENT\VISUAL STUDIO 2012\PROJECTS\SAMPLE\SAMPLEAPPLICATION\DEBUG\MAIN.OBJ
\\FS01\PRIVATE$\B15155\.WINPROFILES\DOCUMENT\VISUAL STUDIO 2012\PROJECTS\SAMPLE\DEBUG\SAMPLEAPPLICATION.ILK
\\FS01\PRIVATE$\B15155\.WINPROFILES\DOCUMENT\VISUAL STUDIO 2012\PROJECTS\SAMPLE\DEBUG\SAMPLEAPPLICATION.EXE
\\FS01\PRIVATE$\B15155\.WINPROFILES\DOCUMENT\VISUAL STUDIO 2012\PROJECTS\SAMPLE\DEBUG\SAMPLEAPPLICATION.PDB
\\fs01\private$\b15155\.winprofiles\Document\visual studio 2012\Projects\Sample\SampleApplication\Debug\main.obj
\\fs01\private$\b15155\.winprofiles\Document\visual studio 2012\Projects\Sample\SampleApplication\Debug\CL.read.1.tlog
\\fs01\private$\b15155\.winprofiles\Document\visual studio 2012\Projects\Sample\SampleApplication\Debug\CL.write.1.tlog
\\fs01\private$\b15155\.winprofiles\Document\visual studio 2012\Projects\Sample\SampleApplication\Debug\cl.command.1.tlog
\\fs01\private$\b15155\.winprofiles\Document\visual studio 2012\Projects\Sample\SampleApplication\Debug\link-rc.read.1.tlog
\\fs01\private$\b15155\.winprofiles\Document\visual studio 2012\Projects\Sample\SampleApplication\Debug\link-rc.write.1.tlog
\\fs01\private$\b15155\.winprofiles\Document\visual studio 2012\Projects\Sample\SampleApplication\Debug\link-cvtres.read.1.tlog
\\fs01\private$\b15155\.winprofiles\Document\visual studio 2012\Projects\Sample\SampleApplication\Debug\link-cvtres.write.1.tlog
\\fs01\private$\b15155\.winprofiles\Document\visual studio 2012\Projects\Sample\SampleApplication\Debug\link.read.1.tlog
\\fs01\private$\b15155\.winprofiles\Document\visual studio 2012\Projects\Sample\SampleApplication\Debug\link.write.1.tlog
\\fs01\private$\b15155\.winprofiles\Document\visual studio 2012\Projects\Sample\SampleApplication\Debug\link.command.1.tlog
\\fs01\private$\b15155\.winprofiles\Document\visual studio 2012\Projects\Sample\SampleApplication\Debug\vc110.idb
\\fs01\private$\b15155\.winprofiles\Document\visual studio 2012\Projects\Sample\SampleApplication\Debug\vc110.pdb
\\fs01\private$\b15155\.winprofiles\document\visual studio 2012\Projects\Sample\Debug\SampleApplication.pdb
\\fs01\private$\b15155\.winprofiles\document\visual studio 2012\Projects\Sample\Debug\SampleApplication.exe
\\fs01\private$\b15155\.winprofiles\document\visual studio 2012\Projects\Sample\Debug\SampleApplication.ilk
