2017/12/11 13:00:56 にビルドを開始しました。
     1>ノード 2 上のプロジェクト "\\fs01\private$\b15155\.WinProfiles\Document\Visual Studio 2012\Projects\Theme4\Theme4-6Ex\Theme4-6Ex.vcxproj" (Build ターゲット)。
     1>ClCompile:
         C:\Program Files (x86)\Microsoft Visual Studio 11.0\VC\bin\CL.exe /c /ZI /nologo /W3 /WX- /Od /Oy- /D WIN32 /D _DEBUG /D _CONSOLE /D _UNICODE /D UNICODE /Gm /EHsc /RTC1 /MDd /GS /fp:precise /Zc:wchar_t /Zc:forScope /Fo"Debug\\" /Fd"Debug\vc110.pdb" /Gd /TP /analyze- /errorReport:prompt "Theme4-6Ex.cpp"
         Theme4-6Ex.cpp
     1>\\fs01\private$\b15155\.winprofiles\document\visual studio 2012\projects\theme4\theme4-6ex\theme4-6ex.cpp(28): warning C4996: 'scanf': This function or variable may be unsafe. Consider using scanf_s instead. To disable deprecation, use _CRT_SECURE_NO_WARNINGS. See online help for details.
                 c:\program files (x86)\microsoft visual studio 11.0\vc\include\stdio.h(290) : 'scanf' の宣言を確認してください。
     1>\\fs01\private$\b15155\.winprofiles\document\visual studio 2012\projects\theme4\theme4-6ex\theme4-6ex.cpp(30): warning C4996: 'scanf': This function or variable may be unsafe. Consider using scanf_s instead. To disable deprecation, use _CRT_SECURE_NO_WARNINGS. See online help for details.
                 c:\program files (x86)\microsoft visual studio 11.0\vc\include\stdio.h(290) : 'scanf' の宣言を確認してください。
     1>\\fs01\private$\b15155\.winprofiles\document\visual studio 2012\projects\theme4\theme4-6ex\theme4-6ex.cpp(33): warning C4996: 'scanf': This function or variable may be unsafe. Consider using scanf_s instead. To disable deprecation, use _CRT_SECURE_NO_WARNINGS. See online help for details.
                 c:\program files (x86)\microsoft visual studio 11.0\vc\include\stdio.h(290) : 'scanf' の宣言を確認してください。
     1>\\fs01\private$\b15155\.winprofiles\document\visual studio 2012\projects\theme4\theme4-6ex\theme4-6ex.cpp(37): warning C4996: 'fopen': This function or variable may be unsafe. Consider using fopen_s instead. To disable deprecation, use _CRT_SECURE_NO_WARNINGS. See online help for details.
                 c:\program files (x86)\microsoft visual studio 11.0\vc\include\stdio.h(218) : 'fopen' の宣言を確認してください。
     1>\\fs01\private$\b15155\.winprofiles\document\visual studio 2012\projects\theme4\theme4-6ex\theme4-6ex.cpp(39): warning C4996: 'fopen': This function or variable may be unsafe. Consider using fopen_s instead. To disable deprecation, use _CRT_SECURE_NO_WARNINGS. See online help for details.
                 c:\program files (x86)\microsoft visual studio 11.0\vc\include\stdio.h(218) : 'fopen' の宣言を確認してください。
     1>\\fs01\private$\b15155\.winprofiles\document\visual studio 2012\projects\theme4\theme4-6ex\theme4-6ex.cpp(45): warning C4996: 'fopen': This function or variable may be unsafe. Consider using fopen_s instead. To disable deprecation, use _CRT_SECURE_NO_WARNINGS. See online help for details.
                 c:\program files (x86)\microsoft visual studio 11.0\vc\include\stdio.h(218) : 'fopen' の宣言を確認してください。
     1>\\fs01\private$\b15155\.winprofiles\document\visual studio 2012\projects\theme4\theme4-6ex\theme4-6ex.cpp(72): warning C4996: 'strcat': This function or variable may be unsafe. Consider using strcat_s instead. To disable deprecation, use _CRT_SECURE_NO_WARNINGS. See online help for details.
                 c:\program files (x86)\microsoft visual studio 11.0\vc\include\string.h(115) : 'strcat' の宣言を確認してください。
       Link:
         C:\Program Files (x86)\Microsoft Visual Studio 11.0\VC\bin\link.exe /ERRORREPORT:PROMPT /OUT:"\\fs01\private$\b15155\.WinProfiles\Document\Visual Studio 2012\Projects\Theme4\Debug\Theme4-6Ex.exe" /INCREMENTAL /NOLOGO kernel32.lib user32.lib gdi32.lib winspool.lib comdlg32.lib advapi32.lib shell32.lib ole32.lib oleaut32.lib uuid.lib odbc32.lib odbccp32.lib /MANIFEST /MANIFESTUAC:"level='asInvoker' uiAccess='false'" /manifest:embed /DEBUG /PDB:"\\fs01\private$\b15155\.WinProfiles\Document\Visual Studio 2012\Projects\Theme4\Debug\Theme4-6Ex.pdb" /SUBSYSTEM:CONSOLE /TLBID:1 /DYNAMICBASE /NXCOMPAT /IMPLIB:"\\fs01\private$\b15155\.WinProfiles\Document\Visual Studio 2012\Projects\Theme4\Debug\Theme4-6Ex.lib" /MACHINE:X86 "Debug\Theme4-6Ex.obj"
         Theme4-6Ex.vcxproj -> \\fs01\private$\b15155\.WinProfiles\Document\Visual Studio 2012\Projects\Theme4\Debug\Theme4-6Ex.exe
     1>プロジェクト "\\fs01\private$\b15155\.WinProfiles\Document\Visual Studio 2012\Projects\Theme4\Theme4-6Ex\Theme4-6Ex.vcxproj" (Build ターゲット) のビルドが完了しました。

ビルドに成功しました。

経過時間 00:00:01.96
